<?xml version="1.0" encoding="UTF-8"?>
<testng-results ignored="0" total="1" passed="1" failed="0" skipped="0">
  <reporter-output>
  </reporter-output>
  <suite started-at="2024-12-08T11:16:30 IST" name="All Test Suite" finished-at="2024-12-08T11:16:43 IST" duration-ms="12646">
    <groups>
    </groups>
    <test started-at="2024-12-08T11:16:30 IST" name="RegressionTest" finished-at="2024-12-08T11:16:43 IST" duration-ms="12646">
      <class name="testcases.LoginTest">
        <test-method is-config="true" signature="setUp()[pri:0, instance:testcases.LoginTest@b9b00e0]" started-at="2024-12-08T11:16:30 IST" name="setUp" finished-at="2024-12-08T11:16:41 IST" duration-ms="10456" status="PASS">
          <reporter-output>
          </reporter-output>
        </test-method> <!-- setUp -->
        <test-method signature="LoginTest(java.lang.String,java.lang.String)[pri:0, instance:testcases.LoginTest@b9b00e0]" started-at="2024-12-08T11:16:41 IST" name="LoginTest" data-provider="testdata" finished-at="2024-12-08T11:16:43 IST" duration-ms="1823" status="PASS">
          <params>
            <param index="0">
              <value>
                <![CDATA[shashi.srcon@gmail.com]]>
              </value>
            </param>
            <param index="1">
              <value>
                <![CDATA[Sbhushan@123]]>
              </value>
            </param>
          </params>
          <reporter-output>
          </reporter-output>
        </test-method> <!-- LoginTest -->
        <test-method is-config="true" signature="tearDown()[pri:0, instance:testcases.LoginTest@b9b00e0]" started-at="2024-12-08T11:16:43 IST" name="tearDown" finished-at="2024-12-08T11:16:43 IST" duration-ms="342" status="PASS">
          <reporter-output>
          </reporter-output>
        </test-method> <!-- tearDown -->
      </class> <!-- testcases.LoginTest -->
    </test> <!-- RegressionTest -->
  </suite> <!-- All Test Suite -->
</testng-results>
